outputs/logs/manifest-merger-debug-report.txt
-- Merging decision tree log ---
manifest
ADDED from fdp\fdp\AndroidManifest.xml:3:1-88:12
	package
		ADDED from fdp\fdp\AndroidManifest.xml:4:2-37
	android:versionName
		ADDED from fdp\fdp\AndroidManifest.xml:6:2-27
		INJECTED from fdp\fdp\AndroidManifest.xml
		INJECTED from fdp\fdp\AndroidManifest.xml
	android:versionCode
		ADDED from fdp\fdp\AndroidManifest.xml:5:2-25
		INJECTED from fdp\fdp\AndroidManifest.xml
		INJECTED from fdp\fdp\AndroidManifest.xml
	xmlns:android
		ADDED from fdp\fdp\AndroidManifest.xml:3:11-69
	android:installLocation
		ADDED from fdp\fdp\AndroidManifest.xml:7:2-40
uses-permission#android.permission.WRITE_SYNC_SETTINGS
ADDED from fdp\fdp\AndroidManifest.xml:9:2-75
	android:name
		ADDED from fdp\fdp\AndroidManifest.xml:9:19-72
application
ADDED from fdp\fdp\AndroidManifest.xml:10:2-68:16
MERGED from [fdp.forcedroid.libs:SmartSync:unspecified] AndroidManifest.xml:11:5-20
MERGED from [fdp.forcedroid.libs:SmartStore:unspecified] AndroidManifest.xml:11:5-15:19
MERGED from [fdp.forcedroid.libs:SalesforceSDK:unspecified] AndroidManifest.xml:23:5-103:19
MERGED from [com.google.android.gms:play-services-appindexing:8.1.0] AndroidManifest.xml:19:5-20
MERGED from [com.google.android.gms:play-services-basement:8.1.0] AndroidManifest.xml:20:5-24:19
MERGED from [com.android.support:support-v4:22.2.0] AndroidManifest.xml:22:5-20
	android:label
		ADDED from fdp\fdp\AndroidManifest.xml:11:6-38
	android:manageSpaceActivity
		ADDED from fdp\fdp\AndroidManifest.xml:13:3-81
	android:icon
		ADDED from fdp\fdp\AndroidManifest.xml:10:15-48
	android:name
		ADDED from fdp\fdp\AndroidManifest.xml:12:3-25
activity#org.grameenfoundation.fdp.MainActivity
ADDED from fdp\fdp\AndroidManifest.xml:16:3-23:14
	android:label
		ADDED from fdp\fdp\AndroidManifest.xml:17:7-39
	android:theme
		ADDED from fdp\fdp\AndroidManifest.xml:18:4-55
	android:name
		ADDED from fdp\fdp\AndroidManifest.xml:16:13-41
intent-filter#android.intent.action.MAIN+android.intent.category.LAUNCHER
ADDED from fdp\fdp\AndroidManifest.xml:19:4-22:20
action#android.intent.action.MAIN
ADDED from fdp\fdp\AndroidManifest.xml:20:5-57
	android:name
		ADDED from fdp\fdp\AndroidManifest.xml:20:13-54
category#android.intent.category.LAUNCHER
ADDED from fdp\fdp\AndroidManifest.xml:21:5-65
	android:name
		ADDED from fdp\fdp\AndroidManifest.xml:21:15-62
activity#org.grameenfoundation.fdp.ui.DetailActivity
ADDED from fdp\fdp\AndroidManifest.xml:26:3-31:14
	android:windowSoftInputMode
		ADDED from fdp\fdp\AndroidManifest.xml:27:56-97
	android:theme
		ADDED from fdp\fdp\AndroidManifest.xml:27:4-55
	android:name
		ADDED from fdp\fdp\AndroidManifest.xml:26:13-71
intent-filter#android.intent.category.DEFAULT
ADDED from fdp\fdp\AndroidManifest.xml:28:4-30:20
category#android.intent.category.DEFAULT
ADDED from fdp\fdp\AndroidManifest.xml:29:5-64
	android:name
		ADDED from fdp\fdp\AndroidManifest.xml:29:15-61
activity#org.grameenfoundation.fdp.ui.plotActivity
ADDED from fdp\fdp\AndroidManifest.xml:34:3-37:14
	android:screenOrientation
		ADDED from fdp\fdp\AndroidManifest.xml:35:4-41
	android:windowSoftInputMode
		ADDED from fdp\fdp\AndroidManifest.xml:36:56-97
	android:theme
		ADDED from fdp\fdp\AndroidManifest.xml:36:4-55
	android:name
		ADDED from fdp\fdp\AndroidManifest.xml:34:13-69
activity#org.grameenfoundation.fdp.ui.fdpActivity
ADDED from fdp\fdp\AndroidManifest.xml:40:3-43:14
	android:screenOrientation
		ADDED from fdp\fdp\AndroidManifest.xml:41:4-41
	android:windowSoftInputMode
		ADDED from fdp\fdp\AndroidManifest.xml:42:56-97
	android:theme
		ADDED from fdp\fdp\AndroidManifest.xml:42:4-55
	android:name
		ADDED from fdp\fdp\AndroidManifest.xml:40:13-68
activity#org.grameenfoundation.fdp.ui.YearDetailActivity
ADDED from fdp\fdp\AndroidManifest.xml:46:3-49:14
	android:screenOrientation
		ADDED from fdp\fdp\AndroidManifest.xml:47:4-41
	android:theme
		ADDED from fdp\fdp\AndroidManifest.xml:48:4-55
	android:name
		ADDED from fdp\fdp\AndroidManifest.xml:46:13-75
service#org.grameenfoundation.fdp.sync.ContactSyncService
ADDED from fdp\fdp\AndroidManifest.xml:52:3-60:13
	android:process
		ADDED from fdp\fdp\AndroidManifest.xml:54:4-27
	android:exported
		ADDED from fdp\fdp\AndroidManifest.xml:53:4-27
	android:name
		ADDED from fdp\fdp\AndroidManifest.xml:52:12-76
intent-filter#android.content.SyncAdapter
ADDED from fdp\fdp\AndroidManifest.xml:55:4-57:20
action#android.content.SyncAdapter
ADDED from fdp\fdp\AndroidManifest.xml:56:5-57
	android:name
		ADDED from fdp\fdp\AndroidManifest.xml:56:13-55
meta-data#android.content.SyncAdapter
ADDED from fdp\fdp\AndroidManifest.xml:58:4-59:51
	android:resource
		ADDED from fdp\fdp\AndroidManifest.xml:59:5-48
	android:name
		ADDED from fdp\fdp\AndroidManifest.xml:58:15-57
meta-data#com.google.android.gms.version
ADDED from fdp\fdp\AndroidManifest.xml:65:3-67:60
MERGED from [com.google.android.gms:play-services-basement:8.1.0] AndroidManifest.xml:21:9-23:69
	android:value
		ADDED from fdp\fdp\AndroidManifest.xml:67:4-57
	android:name
		ADDED from fdp\fdp\AndroidManifest.xml:66:4-49
uses-sdk
ADDED from fdp\fdp\AndroidManifest.xml:70:5-71:41
MERGED from [fdp.forcedroid.libs:SmartSync:unspecified] AndroidManifest.xml:7:5-9:41
MERGED from [fdp.forcedroid.libs:SmartStore:unspecified] AndroidManifest.xml:7:5-9:41
MERGED from [fdp.forcedroid.libs:SalesforceSDK:unspecified] AndroidManifest.xml:7:5-9:41
MERGED from [com.google.android.gms:play-services-appindexing:8.1.0] AndroidManifest.xml:18:5-42
MERGED from [com.google.android.gms:play-services-basement:8.1.0] AndroidManifest.xml:18:5-42
MERGED from [com.android.support:support-v4:22.2.0] AndroidManifest.xml:20:5-43
	android:targetSdkVersion
		ADDED from fdp\fdp\AndroidManifest.xml:71:9-38
	android:minSdkVersion
		ADDED from fdp\fdp\AndroidManifest.xml:70:15-41
permission#org.grameenfoundation.fdp.C2D_MESSAGE
ADDED from fdp\fdp\AndroidManifest.xml:78:5-79:41
	android:protectionLevel
		ADDED from fdp\fdp\AndroidManifest.xml:79:3-38
	android:name
		ADDED from fdp\fdp\AndroidManifest.xml:78:17-69
uses-permission#org.grameenfoundation.fdp.C2D_MESSAGE
ADDED from fdp\fdp\AndroidManifest.xml:81:5-77
	android:name
		ADDED from fdp\fdp\AndroidManifest.xml:81:22-74
uses-permission#android.permission.READ_SYNC_SETTINGS
ADDED from fdp\fdp\AndroidManifest.xml:82:2-74
	android:name
		ADDED from fdp\fdp\AndroidManifest.xml:82:19-71
uses-permission#android.permission.ACCESS_FINE_LOCATION
ADDED from fdp\fdp\AndroidManifest.xml:84:2-75
	android:name
		ADDED from fdp\fdp\AndroidManifest.xml:84:19-73
uses-permission#android.permission.ACCESS_LOCATION_EXTRA_COMMANDS
ADDED from fdp\fdp\AndroidManifest.xml:85:2-85
	android:name
		ADDED from fdp\fdp\AndroidManifest.xml:85:19-83
uses-permission#android.permission.ACCESS_COARSE_LOCATION
ADDED from fdp\fdp\AndroidManifest.xml:86:2-77
	android:name
		ADDED from fdp\fdp\AndroidManifest.xml:86:19-75
uses-permission#android.permission.INTERNET
ADDED from fdp\fdp\AndroidManifest.xml:87:2-63
MERGED from [fdp.forcedroid.libs:SalesforceSDK:unspecified] AndroidManifest.xml:14:5-67
	android:name
		ADDED from fdp\fdp\AndroidManifest.xml:87:19-61
activity#com.salesforce.androidsdk.smartstore.ui.SmartStoreInspectorActivity
ADDED from [fdp.forcedroid.libs:SmartStore:unspecified] AndroidManifest.xml:14:9-104
	android:name
		ADDED from [fdp.forcedroid.libs:SmartStore:unspecified] AndroidManifest.xml:14:19-101
uses-permission#android.permission.ACCESS_NETWORK_STATE
ADDED from [fdp.forcedroid.libs:SalesforceSDK:unspecified] AndroidManifest.xml:11:5-79
	android:name
		ADDED from [fdp.forcedroid.libs:SalesforceSDK:unspecified] AndroidManifest.xml:11:22-76
uses-permission#android.permission.AUTHENTICATE_ACCOUNTS
ADDED from [fdp.forcedroid.libs:SalesforceSDK:unspecified] AndroidManifest.xml:12:5-80
	android:name
		ADDED from [fdp.forcedroid.libs:SalesforceSDK:unspecified] AndroidManifest.xml:12:22-77
uses-permission#android.permission.GET_ACCOUNTS
ADDED from [fdp.forcedroid.libs:SalesforceSDK:unspecified] AndroidManifest.xml:13:5-71
	android:name
		ADDED from [fdp.forcedroid.libs:SalesforceSDK:unspecified] AndroidManifest.xml:13:22-68
uses-permission#android.permission.MANAGE_ACCOUNTS
ADDED from [fdp.forcedroid.libs:SalesforceSDK:unspecified] AndroidManifest.xml:15:5-74
	android:name
		ADDED from [fdp.forcedroid.libs:SalesforceSDK:unspecified] AndroidManifest.xml:15:22-71
uses-permission#android.permission.USE_CREDENTIALS
ADDED from [fdp.forcedroid.libs:SalesforceSDK:unspecified] AndroidManifest.xml:16:5-74
	android:name
		ADDED from [fdp.forcedroid.libs:SalesforceSDK:unspecified] AndroidManifest.xml:16:22-71
uses-permission#android.permission.WAKE_LOCK
ADDED from [fdp.forcedroid.libs:SalesforceSDK:unspecified] AndroidManifest.xml:17:5-68
	android:name
		ADDED from [fdp.forcedroid.libs:SalesforceSDK:unspecified] AndroidManifest.xml:17:22-65
uses-permission#android.permission.GET_TASKS
ADDED from [fdp.forcedroid.libs:SalesforceSDK:unspecified] AndroidManifest.xml:18:5-68
	android:name
		ADDED from [fdp.forcedroid.libs:SalesforceSDK:unspecified] AndroidManifest.xml:18:22-65
uses-permission#com.google.android.c2dm.permission.RECEIVE
ADDED from [fdp.forcedroid.libs:SalesforceSDK:unspecified] AndroidManifest.xml:19:5-82
	android:name
		ADDED from [fdp.forcedroid.libs:SalesforceSDK:unspecified] AndroidManifest.xml:19:22-79
uses-permission-sdk-23
ADDED from [fdp.forcedroid.libs:SalesforceSDK:unspecified] AndroidManifest.xml:21:5-81
	android:name
		ADDED from [fdp.forcedroid.libs:SalesforceSDK:unspecified] AndroidManifest.xml:21:29-78
meta-data#android.content.APP_RESTRICTIONS
ADDED from [fdp.forcedroid.libs:SalesforceSDK:unspecified] AndroidManifest.xml:26:9-28:56
	android:resource
		ADDED from [fdp.forcedroid.libs:SalesforceSDK:unspecified] AndroidManifest.xml:28:13-53
	android:name
		ADDED from [fdp.forcedroid.libs:SalesforceSDK:unspecified] AndroidManifest.xml:27:13-60
service#com.salesforce.androidsdk.auth.AuthenticatorService
ADDED from [fdp.forcedroid.libs:SalesforceSDK:unspecified] AndroidManifest.xml:31:9-41:19
	android:exported
		ADDED from [fdp.forcedroid.libs:SalesforceSDK:unspecified] AndroidManifest.xml:33:13-36
	android:name
		ADDED from [fdp.forcedroid.libs:SalesforceSDK:unspecified] AndroidManifest.xml:32:13-79
intent-filter#android.accounts.AccountAuthenticator
ADDED from [fdp.forcedroid.libs:SalesforceSDK:unspecified] AndroidManifest.xml:34:13-36:29
action#android.accounts.AccountAuthenticator
ADDED from [fdp.forcedroid.libs:SalesforceSDK:unspecified] AndroidManifest.xml:35:17-80
	android:name
		ADDED from [fdp.forcedroid.libs:SalesforceSDK:unspecified] AndroidManifest.xml:35:25-77
meta-data#android.accounts.AccountAuthenticator
ADDED from [fdp.forcedroid.libs:SalesforceSDK:unspecified] AndroidManifest.xml:38:13-40:57
	android:resource
		ADDED from [fdp.forcedroid.libs:SalesforceSDK:unspecified] AndroidManifest.xml:40:17-54
	android:name
		ADDED from [fdp.forcedroid.libs:SalesforceSDK:unspecified] AndroidManifest.xml:39:17-69
activity#com.salesforce.androidsdk.ui.LoginActivity
ADDED from [fdp.forcedroid.libs:SalesforceSDK:unspecified] AndroidManifest.xml:44:9-46:67
	android:theme
		ADDED from [fdp.forcedroid.libs:SalesforceSDK:unspecified] AndroidManifest.xml:46:13-64
	android:name
		ADDED from [fdp.forcedroid.libs:SalesforceSDK:unspecified] AndroidManifest.xml:45:13-70
activity#com.salesforce.androidsdk.ui.PasscodeActivity
ADDED from [fdp.forcedroid.libs:SalesforceSDK:unspecified] AndroidManifest.xml:49:9-51:67
	android:theme
		ADDED from [fdp.forcedroid.libs:SalesforceSDK:unspecified] AndroidManifest.xml:51:13-64
	android:name
		ADDED from [fdp.forcedroid.libs:SalesforceSDK:unspecified] AndroidManifest.xml:50:13-73
activity#com.salesforce.androidsdk.ui.ManageSpaceActivity
ADDED from [fdp.forcedroid.libs:SalesforceSDK:unspecified] AndroidManifest.xml:54:9-57:67
	android:excludeFromRecents
		ADDED from [fdp.forcedroid.libs:SalesforceSDK:unspecified] AndroidManifest.xml:56:13-46
	android:theme
		ADDED from [fdp.forcedroid.libs:SalesforceSDK:unspecified] AndroidManifest.xml:57:13-64
	android:name
		ADDED from [fdp.forcedroid.libs:SalesforceSDK:unspecified] AndroidManifest.xml:55:13-76
activity#com.salesforce.androidsdk.ui.ServerPickerActivity
ADDED from [fdp.forcedroid.libs:SalesforceSDK:unspecified] AndroidManifest.xml:60:9-63:67
	android:excludeFromRecents
		ADDED from [fdp.forcedroid.libs:SalesforceSDK:unspecified] AndroidManifest.xml:62:13-46
	android:theme
		ADDED from [fdp.forcedroid.libs:SalesforceSDK:unspecified] AndroidManifest.xml:63:13-64
	android:name
		ADDED from [fdp.forcedroid.libs:SalesforceSDK:unspecified] AndroidManifest.xml:61:13-77
activity#com.salesforce.androidsdk.ui.AccountSwitcherActivity
ADDED from [fdp.forcedroid.libs:SalesforceSDK:unspecified] AndroidManifest.xml:66:9-69:67
	android:excludeFromRecents
		ADDED from [fdp.forcedroid.libs:SalesforceSDK:unspecified] AndroidManifest.xml:68:13-46
	android:theme
		ADDED from [fdp.forcedroid.libs:SalesforceSDK:unspecified] AndroidManifest.xml:69:13-64
	android:name
		ADDED from [fdp.forcedroid.libs:SalesforceSDK:unspecified] AndroidManifest.xml:67:13-80
receiver#com.salesforce.androidsdk.push.PushBroadcastReceiver
ADDED from [fdp.forcedroid.libs:SalesforceSDK:unspecified] AndroidManifest.xml:75:9-89:20
	android:exported
		ADDED from [fdp.forcedroid.libs:SalesforceSDK:unspecified] AndroidManifest.xml:77:13-36
	android:permission
		ADDED from [fdp.forcedroid.libs:SalesforceSDK:unspecified] AndroidManifest.xml:78:13-73
	android:name
		ADDED from [fdp.forcedroid.libs:SalesforceSDK:unspecified] AndroidManifest.xml:76:13-80
intent-filter#${applicationId}+com.google.android.c2dm.intent.RECEIVE
ADDED from [fdp.forcedroid.libs:SalesforceSDK:unspecified] AndroidManifest.xml:79:13-83:29
action#com.google.android.c2dm.intent.RECEIVE
ADDED from [fdp.forcedroid.libs:SalesforceSDK:unspecified] AndroidManifest.xml:80:17-81
	android:name
		ADDED from [fdp.forcedroid.libs:SalesforceSDK:unspecified] AndroidManifest.xml:80:25-78
category#${applicationId}
ADDED from [fdp.forcedroid.libs:SalesforceSDK:unspecified] AndroidManifest.xml:82:17-61
	android:name
		ADDED from [fdp.forcedroid.libs:SalesforceSDK:unspecified] AndroidManifest.xml:82:27-58
intent-filter#${applicationId}+com.google.android.c2dm.intent.REGISTRATION
ADDED from [fdp.forcedroid.libs:SalesforceSDK:unspecified] AndroidManifest.xml:84:13-88:29
action#com.google.android.c2dm.intent.REGISTRATION
ADDED from [fdp.forcedroid.libs:SalesforceSDK:unspecified] AndroidManifest.xml:85:17-86
	android:name
		ADDED from [fdp.forcedroid.libs:SalesforceSDK:unspecified] AndroidManifest.xml:85:25-83
receiver#com.salesforce.androidsdk.push.PushService$RetryRegistrationAlarmReceiver
ADDED from [fdp.forcedroid.libs:SalesforceSDK:unspecified] AndroidManifest.xml:90:9-92:40
	android:exported
		ADDED from [fdp.forcedroid.libs:SalesforceSDK:unspecified] AndroidManifest.xml:92:13-37
	android:name
		ADDED from [fdp.forcedroid.libs:SalesforceSDK:unspecified] AndroidManifest.xml:91:13-101
receiver#com.salesforce.androidsdk.push.PushService$SFDCRegistrationRetryAlarmReceiver
ADDED from [fdp.forcedroid.libs:SalesforceSDK:unspecified] AndroidManifest.xml:93:9-95:40
	android:exported
		ADDED from [fdp.forcedroid.libs:SalesforceSDK:unspecified] AndroidManifest.xml:95:13-37
	android:name
		ADDED from [fdp.forcedroid.libs:SalesforceSDK:unspecified] AndroidManifest.xml:94:13-105
receiver#com.salesforce.androidsdk.push.PushService$UnregisterRetryAlarmReceiver
ADDED from [fdp.forcedroid.libs:SalesforceSDK:unspecified] AndroidManifest.xml:96:9-98:40
	android:exported
		ADDED from [fdp.forcedroid.libs:SalesforceSDK:unspecified] AndroidManifest.xml:98:13-37
	android:name
		ADDED from [fdp.forcedroid.libs:SalesforceSDK:unspecified] AndroidManifest.xml:97:13-99
service#com.salesforce.androidsdk.push.PushService
ADDED from [fdp.forcedroid.libs:SalesforceSDK:unspecified] AndroidManifest.xml:100:9-102:40
	android:exported
		ADDED from [fdp.forcedroid.libs:SalesforceSDK:unspecified] AndroidManifest.xml:102:13-37
	android:name
		ADDED from [fdp.forcedroid.libs:SalesforceSDK:unspecified] AndroidManifest.xml:101:13-70